<?xml version="1.0" encoding="UTF-8"?>
<!-- Generated by org.testng.reporters.JUnitXMLReporter -->
<testsuite hostname="DESKTOP-ETQ7N34" ignored="0" name="Test" tests="8" failures="1" timestamp="05 Sep 2023 06:18:58 GMT" time="26.851" errors="0">
  <testcase name="a1" time="0.05" classname="org.Samples.Retest"/>
  <testcase name="a2" time="23.56" classname="org.Samples.Retest">
    <skipped/>
  </testcase> <!-- a2 -->
  <testcase name="a2" time="3.001" classname="org.Samples.Retest"/>
  <testcase name="a3" time="0.015" classname="org.Samples.Retest">
    <skipped/>
  </testcase> <!-- a3 -->
  <testcase name="a3" time="0.003" classname="org.Samples.Retest">
    <skipped/>
  </testcase> <!-- a3 -->
  <testcase name="a3" time="0.0" classname="org.Samples.Retest">
    <skipped/>
  </testcase> <!-- a3 -->
  <testcase name="a3" time="0.0" classname="org.Samples.Retest">
    <skipped/>
  </testcase> <!-- a3 -->
  <testcase name="a3" time="0.0" classname="org.Samples.Retest">
    <failure type="java.lang.AssertionError" message="expected [true] but found [false]">
      <![CDATA[java.lang.AssertionError: expected [true] but found [false]
	at org.Samples.Retest.a3(Retest.java:22)
... Removed 29 stack frames]]>
    </failure>
  </testcase> <!-- a3 -->
</testsuite> <!-- Test -->
